<?xml version="1.0" encoding="UTF-8"?>
<testsuite name="AnagramTest" tests="1" skipped="0" failures="0" errors="0" timestamp="2016-04-21T22:38:08" hostname="epicodus-117.local" time="0.001">
  <properties/>
  <testcase name="compareCatAndAct_returnString_is" classname="AnagramTest" time="0.001"/>
  <system-out><![CDATA[c
c
]]></system-out>
  <system-err><![CDATA[]]></system-err>
</testsuite>
